<?xml version="1.0" encoding="UTF-8"?>
<coverage generated="1740631300015" clover="3.2.0">
  <project timestamp="1740631300015" name="All files">
    <metrics statements="19" coveredstatements="17" conditionals="8" coveredconditionals="4" methods="7" coveredmethods="5" elements="34" coveredelements="26" complexity="0" loc="19" ncloc="19" packages="2" files="3" classes="3"/>
    <package name="Redux">
      <metrics statements="1" coveredstatements="1" conditionals="0" coveredconditionals="0" methods="0" coveredmethods="0"/>
      <file name="appStore.js" path="C:\Naveen\Studies\courses\React\Namaste-React\React\Redux\appStore.js">
        <metrics statements="1" coveredstatements="1" conditionals="0" coveredconditionals="0" methods="0" coveredmethods="0"/>
        <line num="5" count="1" type="stmt"/>
      </file>
    </package>
    <package name="src.components">
      <metrics statements="18" coveredstatements="16" conditionals="8" coveredconditionals="4" methods="7" coveredmethods="5"/>
      <file name="Header.jsx" path="C:\Naveen\Studies\courses\React\Namaste-React\React\src\components\Header.jsx">
        <metrics statements="10" coveredstatements="10" conditionals="4" coveredconditionals="2" methods="4" coveredmethods="4"/>
        <line num="9" count="1" type="stmt"/>
        <line num="11" count="5" type="stmt"/>
        <line num="12" count="5" type="stmt"/>
        <line num="14" count="5" type="stmt"/>
        <line num="17" count="5" type="stmt"/>
        <line num="22" count="9" type="stmt"/>
        <line num="31" count="5" type="stmt"/>
        <line num="33" count="4" type="stmt"/>
        <line num="36" count="5" type="stmt"/>
        <line num="60" count="1" type="cond" truecount="1" falsecount="1"/>
      </file>
      <file name="RestaurantCard.jsx" path="C:\Naveen\Studies\courses\React\Namaste-React\React\src\components\RestaurantCard.jsx">
        <metrics statements="8" coveredstatements="6" conditionals="4" coveredconditionals="2" methods="3" coveredmethods="1"/>
        <line num="3" count="1" type="stmt"/>
        <line num="4" count="1" type="stmt"/>
        <line num="9" count="1" type="stmt"/>
        <line num="10" count="1" type="stmt"/>
        <line num="12" count="1" type="stmt"/>
        <line num="43" count="1" type="stmt"/>
        <line num="45" count="0" type="stmt"/>
        <line num="47" count="0" type="stmt"/>
      </file>
    </package>
  </project>
</coverage>
