{"C:\\Naveen\\Studies\\courses\\React\\Namaste-React\\React\\Redux\\appStore.js": {"path":"C:\\Naveen\\Studies\\courses\\React\\Namaste-React\\React\\Redux\\appStore.js","statementMap":{"0":{"start":{"line":5,"column":17},"end":{"line":15,"column":1}}},"fnMap":{},"branchMap":{},"s":{"0":1},"f":{},"b":{},"_coverageSchema":"1a1c01bbd47fc00a2c39e90264f33305004495a9","hash":"20008e2be01d9cad394f93a95195ac49c3d43430"}
,"C:\\Naveen\\Studies\\courses\\React\\Namaste-React\\React\\src\\components\\Header.jsx": {"path":"C:\\Naveen\\Studies\\courses\\React\\Namaste-React\\React\\src\\components\\Header.jsx","statementMap":{"0":{"start":{"line":9,"column":15},"end":{"line":70,"column":3}},"1":{"start":{"line":11,"column":33},"end":{"line":11,"column":50}},"2":{"start":{"line":12,"column":4},"end":{"line":12,"column":33}},"3":{"start":{"line":14,"column":25},"end":{"line":14,"column":42}},"4":{"start":{"line":17,"column":27},"end":{"line":17,"column":50}},"5":{"start":{"line":22,"column":22},"end":{"line":22,"column":61}},"6":{"start":{"line":22,"column":44},"end":{"line":22,"column":60}},"7":{"start":{"line":31,"column":4},"end":{"line":34,"column":10}},"8":{"start":{"line":33,"column":6},"end":{"line":33,"column":37}},"9":{"start":{"line":36,"column":4},"end":{"line":69,"column":6}},"10":{"start":{"line":60,"column":27},"end":{"line":60,"column":79}}},"fnMap":{"0":{"name":"(anonymous_0)","decl":{"start":{"line":9,"column":15},"end":{"line":9,"column":16}},"loc":{"start":{"line":9,"column":21},"end":{"line":70,"column":3}},"line":9},"1":{"name":"(anonymous_1)","decl":{"start":{"line":22,"column":34},"end":{"line":22,"column":35}},"loc":{"start":{"line":22,"column":44},"end":{"line":22,"column":60}},"line":22},"2":{"name":"(anonymous_2)","decl":{"start":{"line":31,"column":14},"end":{"line":31,"column":15}},"loc":{"start":{"line":32,"column":4},"end":{"line":34,"column":5}},"line":32},"3":{"name":"(anonymous_3)","decl":{"start":{"line":60,"column":21},"end":{"line":60,"column":22}},"loc":{"start":{"line":60,"column":27},"end":{"line":60,"column":79}},"line":60}},"branchMap":{"0":{"loc":{"start":{"line":48,"column":45},"end":{"line":48,"column":70}},"type":"cond-expr","locations":[{"start":{"line":48,"column":59},"end":{"line":48,"column":63}},{"start":{"line":48,"column":66},"end":{"line":48,"column":70}}],"line":48},"1":{"loc":{"start":{"line":60,"column":38},"end":{"line":60,"column":78}},"type":"cond-expr","locations":[{"start":{"line":60,"column":60},"end":{"line":60,"column":68}},{"start":{"line":60,"column":71},"end":{"line":60,"column":78}}],"line":60}},"s":{"0":1,"1":5,"2":5,"3":5,"4":5,"5":5,"6":9,"7":5,"8":4,"9":5,"10":1},"f":{"0":5,"1":9,"2":4,"3":1},"b":{"0":[5,0],"1":[1,0]},"_coverageSchema":"1a1c01bbd47fc00a2c39e90264f33305004495a9","hash":"90d952954be98d880a0e89d0a3d02de859dc891f"}
,"C:\\Naveen\\Studies\\courses\\React\\Namaste-React\\React\\src\\components\\RestaurantCard.jsx": {"path":"C:\\Naveen\\Studies\\courses\\React\\Namaste-React\\React\\src\\components\\RestaurantCard.jsx","statementMap":{"0":{"start":{"line":3,"column":23},"end":{"line":35,"column":1}},"1":{"start":{"line":4,"column":22},"end":{"line":4,"column":27}},"2":{"start":{"line":9,"column":4},"end":{"line":9,"column":17}},"3":{"start":{"line":10,"column":27},"end":{"line":10,"column":44}},"4":{"start":{"line":12,"column":2},"end":{"line":34,"column":4}},"5":{"start":{"line":43,"column":32},"end":{"line":54,"column":1}},"6":{"start":{"line":45,"column":2},"end":{"line":53,"column":3}},"7":{"start":{"line":47,"column":4},"end":{"line":52,"column":5}}},"fnMap":{"0":{"name":"(anonymous_0)","decl":{"start":{"line":3,"column":23},"end":{"line":3,"column":24}},"loc":{"start":{"line":3,"column":34},"end":{"line":35,"column":1}},"line":3},"1":{"name":"(anonymous_1)","decl":{"start":{"line":43,"column":32},"end":{"line":43,"column":33}},"loc":{"start":{"line":44,"column":0},"end":{"line":54,"column":1}},"line":44},"2":{"name":"(anonymous_2)","decl":{"start":{"line":45,"column":9},"end":{"line":45,"column":10}},"loc":{"start":{"line":46,"column":2},"end":{"line":53,"column":3}},"line":46}},"branchMap":{"0":{"loc":{"start":{"line":20,"column":40},"end":{"line":20,"column":91}},"type":"cond-expr","locations":[{"start":{"line":20,"column":59},"end":{"line":20,"column":84}},{"start":{"line":20,"column":87},"end":{"line":20,"column":91}}],"line":20},"1":{"loc":{"start":{"line":22,"column":11},"end":{"line":24,"column":33}},"type":"cond-expr","locations":[{"start":{"line":23,"column":14},"end":{"line":23,"column":54}},{"start":{"line":24,"column":14},"end":{"line":24,"column":33}}],"line":22}},"s":{"0":1,"1":1,"2":1,"3":1,"4":1,"5":1,"6":0,"7":0},"f":{"0":1,"1":0,"2":0},"b":{"0":[0,1],"1":[0,1]},"_coverageSchema":"1a1c01bbd47fc00a2c39e90264f33305004495a9","hash":"51a1864919ac84adf3d11f0fac73b1f30ebffed5"}
}
