{"C:\\NAVEEN\\Studies\\NamasteReact\\NamasteReact\\src\\components\\Contact.jsx": {"path":"C:\\NAVEEN\\Studies\\NamasteReact\\NamasteReact\\src\\components\\Contact.jsx","statementMap":{"0":{"start":{"line":1,"column":16},"end":{"line":49,"column":1}},"1":{"start":{"line":2,"column":2},"end":{"line":48,"column":4}}},"fnMap":{"0":{"name":"(anonymous_0)","decl":{"start":{"line":1,"column":16},"end":{"line":1,"column":17}},"loc":{"start":{"line":1,"column":22},"end":{"line":49,"column":1}},"line":1}},"branchMap":{},"s":{"0":1,"1":3},"f":{"0":3},"b":{},"_coverageSchema":"1a1c01bbd47fc00a2c39e90264f33305004495a9","hash":"13c198729ee3a6d3f5d2d2612f0f68b4a06c95d1"}
,"C:\\NAVEEN\\Studies\\NamasteReact\\NamasteReact\\src\\components\\sum.js": {"path":"C:\\NAVEEN\\Studies\\NamasteReact\\NamasteReact\\src\\components\\sum.js","statementMap":{"0":{"start":{"line":1,"column":19},"end":{"line":4,"column":1}},"1":{"start":{"line":3,"column":2},"end":{"line":3,"column":15}}},"fnMap":{"0":{"name":"(anonymous_0)","decl":{"start":{"line":1,"column":19},"end":{"line":1,"column":20}},"loc":{"start":{"line":2,"column":0},"end":{"line":4,"column":1}},"line":2}},"branchMap":{},"s":{"0":1,"1":1},"f":{"0":1},"b":{},"_coverageSchema":"1a1c01bbd47fc00a2c39e90264f33305004495a9","hash":"e5e67b71cdcc639c1bdf7a0cc913358cf0f93133"}
}
